  [1m[35m (0.3ms)[0m  [1m[35mSET NAMES utf8,  @@SESSION.sql_mode = CONCAT(CONCAT(@@sql_mode, ',STRICT_ALL_TABLES'), ',NO_AUTO_VALUE_ON_ZERO'),  @@SESSION.sql_auto_is_null = 0, @@SESSION.wait_timeout = 2147483[0m
  [1m[35m (301.5ms)[0m  [1m[35mCREATE TABLE `schema_migrations` (`version` varchar(255) NOT NULL PRIMARY KEY) ENGINE=InnoDB[0m
  [1m[35m (247.0ms)[0m  [1m[35mCREATE TABLE `ar_internal_metadata` (`key` varchar(255) NOT NULL PRIMARY KEY, `value` varchar(255), `created_at` datetime NOT NULL, `updated_at` datetime NOT NULL) ENGINE=InnoDB[0m
  [1m[35m (0.7ms)[0m  [1m[34mSELECT GET_LOCK('2837589398705351850', 0)[0m
  [1m[35m (0.5ms)[0m  [1m[34mSELECT `schema_migrations`.`version` FROM `schema_migrations` ORDER BY `schema_migrations`.`version` ASC[0m
Migrating to CreateGrades (20180223235736)
  [1m[35m (237.3ms)[0m  [1m[35mCREATE TABLE `grades` (`id` bigint NOT NULL AUTO_INCREMENT PRIMARY KEY, `student_id` int, `course_id` int, `grade_value` float, `created_at` datetime NOT NULL, `updated_at` datetime NOT NULL) ENGINE=InnoDB[0m
  [1m[35m (0.3ms)[0m  [1m[35mBEGIN[0m
  [1m[35mSQL (0.4ms)[0m  [1m[32mINSERT INTO `schema_migrations` (`version`) VALUES ('20180223235736')[0m
  [1m[35m (29.2ms)[0m  [1m[35mCOMMIT[0m
  [1m[36mActiveRecord::InternalMetadata Load (0.7ms)[0m  [1m[34mSELECT  `ar_internal_metadata`.* FROM `ar_internal_metadata` WHERE `ar_internal_metadata`.`key` = 'environment' LIMIT 1[0m
  [1m[35m (4.8ms)[0m  [1m[35mBEGIN[0m
  [1m[35mSQL (0.4ms)[0m  [1m[32mINSERT INTO `ar_internal_metadata` (`key`, `value`, `created_at`, `updated_at`) VALUES ('environment', 'development', '2018-02-28 03:52:52', '2018-02-28 03:52:52')[0m
  [1m[35m (25.8ms)[0m  [1m[35mCOMMIT[0m
  [1m[35m (1.1ms)[0m  [1m[34mSELECT RELEASE_LOCK('2837589398705351850')[0m
  [1m[35m (2.1ms)[0m  [1m[34mSELECT `schema_migrations`.`version` FROM `schema_migrations` ORDER BY `schema_migrations`.`version` ASC[0m
Started GET "/graphiql" for 127.0.0.1 at 2018-02-27 22:53:23 -0500
  [1m[35m (0.5ms)[0m  [1m[35mSET NAMES utf8,  @@SESSION.sql_mode = CONCAT(CONCAT(@@sql_mode, ',STRICT_ALL_TABLES'), ',NO_AUTO_VALUE_ON_ZERO'),  @@SESSION.sql_auto_is_null = 0, @@SESSION.wait_timeout = 2147483[0m
  [1m[35m (0.5ms)[0m  [1m[34mSELECT `schema_migrations`.`version` FROM `schema_migrations` ORDER BY `schema_migrations`.`version` ASC[0m
Processing by GraphiQL::Rails::EditorsController#show as HTML
  Parameters: {"graphql_path"=>"/graphql"}
  Rendering /var/lib/gems/2.3.0/gems/graphiql-rails-1.4.9/app/views/graphiql/rails/editors/show.html.erb
  Rendered /var/lib/gems/2.3.0/gems/graphiql-rails-1.4.9/app/views/graphiql/rails/editors/show.html.erb (11998.7ms)
Completed 200 OK in 12032ms (Views: 12022.4ms | ActiveRecord: 0.0ms)


Started POST "/graphql" for 127.0.0.1 at 2018-02-27 22:53:42 -0500
Processing by GraphqlController#execute as */*
  Parameters: {"query"=>"\n  query IntrospectionQuery {\n    __schema {\n      queryType { name }\n      mutationType { name }\n      subscriptionType { name }\n      types {\n        ...FullType\n      }\n      directives {\n        name\n        description\n        locations\n        args {\n          ...InputValue\n        }\n      }\n    }\n  }\n\n  fragment FullType on __Type {\n    kind\n    name\n    description\n    fields(includeDeprecated: true) {\n      name\n      description\n      args {\n        ...InputValue\n      }\n      type {\n        ...TypeRef\n      }\n      isDeprecated\n      deprecationReason\n    }\n    inputFields {\n      ...InputValue\n    }\n    interfaces {\n      ...TypeRef\n    }\n    enumValues(includeDeprecated: true) {\n      name\n      description\n      isDeprecated\n      deprecationReason\n    }\n    possibleTypes {\n      ...TypeRef\n    }\n  }\n\n  fragment InputValue on __InputValue {\n    name\n    description\n    type { ...TypeRef }\n    defaultValue\n  }\n\n  fragment TypeRef on __Type {\n    kind\n    name\n    ofType {\n      kind\n      name\n      ofType {\n        kind\n        name\n        ofType {\n          kind\n          name\n          ofType {\n            kind\n            name\n            ofType {\n              kind\n              name\n              ofType {\n                kind\n                name\n                ofType {\n                  kind\n                  name\n                }\n              }\n            }\n          }\n        }\n      }\n    }\n  }\n", "graphql"=>{"query"=>"\n  query IntrospectionQuery {\n    __schema {\n      queryType { name }\n      mutationType { name }\n      subscriptionType { name }\n      types {\n        ...FullType\n      }\n      directives {\n        name\n        description\n        locations\n        args {\n          ...InputValue\n        }\n      }\n    }\n  }\n\n  fragment FullType on __Type {\n    kind\n    name\n    description\n    fields(includeDeprecated: true) {\n      name\n      description\n      args {\n        ...InputValue\n      }\n      type {\n        ...TypeRef\n      }\n      isDeprecated\n      deprecationReason\n    }\n    inputFields {\n      ...InputValue\n    }\n    interfaces {\n      ...TypeRef\n    }\n    enumValues(includeDeprecated: true) {\n      name\n      description\n      isDeprecated\n      deprecationReason\n    }\n    possibleTypes {\n      ...TypeRef\n    }\n  }\n\n  fragment InputValue on __InputValue {\n    name\n    description\n    type { ...TypeRef }\n    defaultValue\n  }\n\n  fragment TypeRef on __Type {\n    kind\n    name\n    ofType {\n      kind\n      name\n      ofType {\n        kind\n        name\n        ofType {\n          kind\n          name\n          ofType {\n            kind\n            name\n            ofType {\n              kind\n              name\n              ofType {\n                kind\n                name\n                ofType {\n                  kind\n                  name\n                }\n              }\n            }\n          }\n        }\n      }\n    }\n  }\n"}}
Completed 500 Internal Server Error in 73ms (ActiveRecord: 0.0ms)


  
LoadError (Unable to autoload constant Types::GradeType, expected /home/camilo/Documentos/Unal/9 Semestre/Monitoria /laboratorios/lab2/sa_grades_ms/app/graphql/types/grade_type.rb to define it):
  
app/graphql/types/query_type.rb:5:in `block in <top (required)>'
app/graphql/sa_grades_ms_schema.rb:1:in `<top (required)>'
app/controllers/graphql_controller.rb:10:in `execute'
Started POST "/graphql" for 127.0.0.1 at 2018-02-27 22:53:43 -0500
Processing by GraphqlController#execute as */*
  Parameters: {"query"=>"\n  query IntrospectionQuery {\n    __schema {\n      queryType { name }\n      mutationType { name }\n      types {\n        ...FullType\n      }\n      directives {\n        name\n        description\n        locations\n        args {\n          ...InputValue\n        }\n      }\n    }\n  }\n\n  fragment FullType on __Type {\n    kind\n    name\n    description\n    fields(includeDeprecated: true) {\n      name\n      description\n      args {\n        ...InputValue\n      }\n      type {\n        ...TypeRef\n      }\n      isDeprecated\n      deprecationReason\n    }\n    inputFields {\n      ...InputValue\n    }\n    interfaces {\n      ...TypeRef\n    }\n    enumValues(includeDeprecated: true) {\n      name\n      description\n      isDeprecated\n      deprecationReason\n    }\n    possibleTypes {\n      ...TypeRef\n    }\n  }\n\n  fragment InputValue on __InputValue {\n    name\n    description\n    type { ...TypeRef }\n    defaultValue\n  }\n\n  fragment TypeRef on __Type {\n    kind\n    name\n    ofType {\n      kind\n      name\n      ofType {\n        kind\n        name\n        ofType {\n          kind\n          name\n          ofType {\n            kind\n            name\n            ofType {\n              kind\n              name\n              ofType {\n                kind\n                name\n                ofType {\n                  kind\n                  name\n                }\n              }\n            }\n          }\n        }\n      }\n    }\n  }\n", "graphql"=>{"query"=>"\n  query IntrospectionQuery {\n    __schema {\n      queryType { name }\n      mutationType { name }\n      types {\n        ...FullType\n      }\n      directives {\n        name\n        description\n        locations\n        args {\n          ...InputValue\n        }\n      }\n    }\n  }\n\n  fragment FullType on __Type {\n    kind\n    name\n    description\n    fields(includeDeprecated: true) {\n      name\n      description\n      args {\n        ...InputValue\n      }\n      type {\n        ...TypeRef\n      }\n      isDeprecated\n      deprecationReason\n    }\n    inputFields {\n      ...InputValue\n    }\n    interfaces {\n      ...TypeRef\n    }\n    enumValues(includeDeprecated: true) {\n      name\n      description\n      isDeprecated\n      deprecationReason\n    }\n    possibleTypes {\n      ...TypeRef\n    }\n  }\n\n  fragment InputValue on __InputValue {\n    name\n    description\n    type { ...TypeRef }\n    defaultValue\n  }\n\n  fragment TypeRef on __Type {\n    kind\n    name\n    ofType {\n      kind\n      name\n      ofType {\n        kind\n        name\n        ofType {\n          kind\n          name\n          ofType {\n            kind\n            name\n            ofType {\n              kind\n              name\n              ofType {\n                kind\n                name\n                ofType {\n                  kind\n                  name\n                }\n              }\n            }\n          }\n        }\n      }\n    }\n  }\n"}}
Completed 500 Internal Server Error in 19ms (ActiveRecord: 0.0ms)


  
LoadError (Unable to autoload constant Types::MutationType, expected /home/camilo/Documentos/Unal/9 Semestre/Monitoria /laboratorios/lab2/sa_grades_ms/app/graphql/types/mutation_type.rb to define it):
  
app/graphql/sa_grades_ms_schema.rb:2:in `block in <top (required)>'
app/graphql/sa_grades_ms_schema.rb:1:in `<top (required)>'
app/controllers/graphql_controller.rb:10:in `execute'
Started GET "/graphiql" for 127.0.0.1 at 2018-02-27 22:57:56 -0500
  [1m[35m (0.5ms)[0m  [1m[35mSET NAMES utf8,  @@SESSION.sql_mode = CONCAT(CONCAT(@@sql_mode, ',STRICT_ALL_TABLES'), ',NO_AUTO_VALUE_ON_ZERO'),  @@SESSION.sql_auto_is_null = 0, @@SESSION.wait_timeout = 2147483[0m
  [1m[35m (0.5ms)[0m  [1m[34mSELECT `schema_migrations`.`version` FROM `schema_migrations` ORDER BY `schema_migrations`.`version` ASC[0m
Processing by GraphiQL::Rails::EditorsController#show as HTML
  Parameters: {"graphql_path"=>"/graphql"}
  Rendering /var/lib/gems/2.3.0/gems/graphiql-rails-1.4.9/app/views/graphiql/rails/editors/show.html.erb
  Rendered /var/lib/gems/2.3.0/gems/graphiql-rails-1.4.9/app/views/graphiql/rails/editors/show.html.erb (315.7ms)
Completed 200 OK in 330ms (Views: 327.1ms | ActiveRecord: 0.0ms)


Started POST "/graphql" for 127.0.0.1 at 2018-02-27 22:57:58 -0500
Processing by GraphqlController#execute as */*
  Parameters: {"query"=>"\n  query IntrospectionQuery {\n    __schema {\n      queryType { name }\n      mutationType { name }\n      subscriptionType { name }\n      types {\n        ...FullType\n      }\n      directives {\n        name\n        description\n        locations\n        args {\n          ...InputValue\n        }\n      }\n    }\n  }\n\n  fragment FullType on __Type {\n    kind\n    name\n    description\n    fields(includeDeprecated: true) {\n      name\n      description\n      args {\n        ...InputValue\n      }\n      type {\n        ...TypeRef\n      }\n      isDeprecated\n      deprecationReason\n    }\n    inputFields {\n      ...InputValue\n    }\n    interfaces {\n      ...TypeRef\n    }\n    enumValues(includeDeprecated: true) {\n      name\n      description\n      isDeprecated\n      deprecationReason\n    }\n    possibleTypes {\n      ...TypeRef\n    }\n  }\n\n  fragment InputValue on __InputValue {\n    name\n    description\n    type { ...TypeRef }\n    defaultValue\n  }\n\n  fragment TypeRef on __Type {\n    kind\n    name\n    ofType {\n      kind\n      name\n      ofType {\n        kind\n        name\n        ofType {\n          kind\n          name\n          ofType {\n            kind\n            name\n            ofType {\n              kind\n              name\n              ofType {\n                kind\n                name\n                ofType {\n                  kind\n                  name\n                }\n              }\n            }\n          }\n        }\n      }\n    }\n  }\n", "graphql"=>{"query"=>"\n  query IntrospectionQuery {\n    __schema {\n      queryType { name }\n      mutationType { name }\n      subscriptionType { name }\n      types {\n        ...FullType\n      }\n      directives {\n        name\n        description\n        locations\n        args {\n          ...InputValue\n        }\n      }\n    }\n  }\n\n  fragment FullType on __Type {\n    kind\n    name\n    description\n    fields(includeDeprecated: true) {\n      name\n      description\n      args {\n        ...InputValue\n      }\n      type {\n        ...TypeRef\n      }\n      isDeprecated\n      deprecationReason\n    }\n    inputFields {\n      ...InputValue\n    }\n    interfaces {\n      ...TypeRef\n    }\n    enumValues(includeDeprecated: true) {\n      name\n      description\n      isDeprecated\n      deprecationReason\n    }\n    possibleTypes {\n      ...TypeRef\n    }\n  }\n\n  fragment InputValue on __InputValue {\n    name\n    description\n    type { ...TypeRef }\n    defaultValue\n  }\n\n  fragment TypeRef on __Type {\n    kind\n    name\n    ofType {\n      kind\n      name\n      ofType {\n        kind\n        name\n        ofType {\n          kind\n          name\n          ofType {\n            kind\n            name\n            ofType {\n              kind\n              name\n              ofType {\n                kind\n                name\n                ofType {\n                  kind\n                  name\n                }\n              }\n            }\n          }\n        }\n      }\n    }\n  }\n"}}
Completed 500 Internal Server Error in 37ms (ActiveRecord: 0.0ms)


  
LoadError (Unable to autoload constant Types::GradeType, expected /home/camilo/Documentos/Unal/9 Semestre/Monitoria /laboratorios/lab2/sa_grades_ms/app/graphql/types/grade_type.rb to define it):
  
app/graphql/types/query_type.rb:5:in `block in <top (required)>'
app/graphql/sa_grades_ms_schema.rb:1:in `<top (required)>'
app/controllers/graphql_controller.rb:10:in `execute'
Started POST "/graphql" for 127.0.0.1 at 2018-02-27 22:57:58 -0500
Processing by GraphqlController#execute as */*
  Parameters: {"query"=>"\n  query IntrospectionQuery {\n    __schema {\n      queryType { name }\n      mutationType { name }\n      types {\n        ...FullType\n      }\n      directives {\n        name\n        description\n        locations\n        args {\n          ...InputValue\n        }\n      }\n    }\n  }\n\n  fragment FullType on __Type {\n    kind\n    name\n    description\n    fields(includeDeprecated: true) {\n      name\n      description\n      args {\n        ...InputValue\n      }\n      type {\n        ...TypeRef\n      }\n      isDeprecated\n      deprecationReason\n    }\n    inputFields {\n      ...InputValue\n    }\n    interfaces {\n      ...TypeRef\n    }\n    enumValues(includeDeprecated: true) {\n      name\n      description\n      isDeprecated\n      deprecationReason\n    }\n    possibleTypes {\n      ...TypeRef\n    }\n  }\n\n  fragment InputValue on __InputValue {\n    name\n    description\n    type { ...TypeRef }\n    defaultValue\n  }\n\n  fragment TypeRef on __Type {\n    kind\n    name\n    ofType {\n      kind\n      name\n      ofType {\n        kind\n        name\n        ofType {\n          kind\n          name\n          ofType {\n            kind\n            name\n            ofType {\n              kind\n              name\n              ofType {\n                kind\n                name\n                ofType {\n                  kind\n                  name\n                }\n              }\n            }\n          }\n        }\n      }\n    }\n  }\n", "graphql"=>{"query"=>"\n  query IntrospectionQuery {\n    __schema {\n      queryType { name }\n      mutationType { name }\n      types {\n        ...FullType\n      }\n      directives {\n        name\n        description\n        locations\n        args {\n          ...InputValue\n        }\n      }\n    }\n  }\n\n  fragment FullType on __Type {\n    kind\n    name\n    description\n    fields(includeDeprecated: true) {\n      name\n      description\n      args {\n        ...InputValue\n      }\n      type {\n        ...TypeRef\n      }\n      isDeprecated\n      deprecationReason\n    }\n    inputFields {\n      ...InputValue\n    }\n    interfaces {\n      ...TypeRef\n    }\n    enumValues(includeDeprecated: true) {\n      name\n      description\n      isDeprecated\n      deprecationReason\n    }\n    possibleTypes {\n      ...TypeRef\n    }\n  }\n\n  fragment InputValue on __InputValue {\n    name\n    description\n    type { ...TypeRef }\n    defaultValue\n  }\n\n  fragment TypeRef on __Type {\n    kind\n    name\n    ofType {\n      kind\n      name\n      ofType {\n        kind\n        name\n        ofType {\n          kind\n          name\n          ofType {\n            kind\n            name\n            ofType {\n              kind\n              name\n              ofType {\n                kind\n                name\n                ofType {\n                  kind\n                  name\n                }\n              }\n            }\n          }\n        }\n      }\n    }\n  }\n"}}
Completed 500 Internal Server Error in 9ms (ActiveRecord: 0.0ms)


  
LoadError (Unable to autoload constant Types::MutationType, expected /home/camilo/Documentos/Unal/9 Semestre/Monitoria /laboratorios/lab2/sa_grades_ms/app/graphql/types/mutation_type.rb to define it):
  
app/graphql/sa_grades_ms_schema.rb:2:in `block in <top (required)>'
app/graphql/sa_grades_ms_schema.rb:1:in `<top (required)>'
app/controllers/graphql_controller.rb:10:in `execute'
Started GET "/graphiql" for 127.0.0.1 at 2018-02-27 22:58:51 -0500
  [1m[35m (13.3ms)[0m  [1m[35mSET NAMES utf8,  @@SESSION.sql_mode = CONCAT(CONCAT(@@sql_mode, ',STRICT_ALL_TABLES'), ',NO_AUTO_VALUE_ON_ZERO'),  @@SESSION.sql_auto_is_null = 0, @@SESSION.wait_timeout = 2147483[0m
  [1m[35m (24.5ms)[0m  [1m[34mSELECT `schema_migrations`.`version` FROM `schema_migrations` ORDER BY `schema_migrations`.`version` ASC[0m
Processing by GraphiQL::Rails::EditorsController#show as HTML
  Parameters: {"graphql_path"=>"/graphql"}
  Rendering /var/lib/gems/2.3.0/gems/graphiql-rails-1.4.9/app/views/graphiql/rails/editors/show.html.erb
  Rendered /var/lib/gems/2.3.0/gems/graphiql-rails-1.4.9/app/views/graphiql/rails/editors/show.html.erb (2382.3ms)
Completed 200 OK in 2421ms (Views: 2415.4ms | ActiveRecord: 0.0ms)


Started POST "/graphql" for 127.0.0.1 at 2018-02-27 22:58:57 -0500
Processing by GraphqlController#execute as */*
  Parameters: {"query"=>"\n  query IntrospectionQuery {\n    __schema {\n      queryType { name }\n      mutationType { name }\n      subscriptionType { name }\n      types {\n        ...FullType\n      }\n      directives {\n        name\n        description\n        locations\n        args {\n          ...InputValue\n        }\n      }\n    }\n  }\n\n  fragment FullType on __Type {\n    kind\n    name\n    description\n    fields(includeDeprecated: true) {\n      name\n      description\n      args {\n        ...InputValue\n      }\n      type {\n        ...TypeRef\n      }\n      isDeprecated\n      deprecationReason\n    }\n    inputFields {\n      ...InputValue\n    }\n    interfaces {\n      ...TypeRef\n    }\n    enumValues(includeDeprecated: true) {\n      name\n      description\n      isDeprecated\n      deprecationReason\n    }\n    possibleTypes {\n      ...TypeRef\n    }\n  }\n\n  fragment InputValue on __InputValue {\n    name\n    description\n    type { ...TypeRef }\n    defaultValue\n  }\n\n  fragment TypeRef on __Type {\n    kind\n    name\n    ofType {\n      kind\n      name\n      ofType {\n        kind\n        name\n        ofType {\n          kind\n          name\n          ofType {\n            kind\n            name\n            ofType {\n              kind\n              name\n              ofType {\n                kind\n                name\n                ofType {\n                  kind\n                  name\n                }\n              }\n            }\n          }\n        }\n      }\n    }\n  }\n", "graphql"=>{"query"=>"\n  query IntrospectionQuery {\n    __schema {\n      queryType { name }\n      mutationType { name }\n      subscriptionType { name }\n      types {\n        ...FullType\n      }\n      directives {\n        name\n        description\n        locations\n        args {\n          ...InputValue\n        }\n      }\n    }\n  }\n\n  fragment FullType on __Type {\n    kind\n    name\n    description\n    fields(includeDeprecated: true) {\n      name\n      description\n      args {\n        ...InputValue\n      }\n      type {\n        ...TypeRef\n      }\n      isDeprecated\n      deprecationReason\n    }\n    inputFields {\n      ...InputValue\n    }\n    interfaces {\n      ...TypeRef\n    }\n    enumValues(includeDeprecated: true) {\n      name\n      description\n      isDeprecated\n      deprecationReason\n    }\n    possibleTypes {\n      ...TypeRef\n    }\n  }\n\n  fragment InputValue on __InputValue {\n    name\n    description\n    type { ...TypeRef }\n    defaultValue\n  }\n\n  fragment TypeRef on __Type {\n    kind\n    name\n    ofType {\n      kind\n      name\n      ofType {\n        kind\n        name\n        ofType {\n          kind\n          name\n          ofType {\n            kind\n            name\n            ofType {\n              kind\n              name\n              ofType {\n                kind\n                name\n                ofType {\n                  kind\n                  name\n                }\n              }\n            }\n          }\n        }\n      }\n    }\n  }\n"}}
Completed 500 Internal Server Error in 37ms (ActiveRecord: 0.0ms)


  
LoadError (Unable to autoload constant Types::GradeType, expected /home/camilo/Documentos/Unal/9 Semestre/Monitoria /laboratorios/lab2/sa_grades_ms/app/graphql/types/grade_type.rb to define it):
  
app/graphql/types/query_type.rb:5:in `block in <top (required)>'
app/graphql/sa_grades_ms_schema.rb:1:in `<top (required)>'
app/controllers/graphql_controller.rb:10:in `execute'
Started POST "/graphql" for 127.0.0.1 at 2018-02-27 22:58:58 -0500
Processing by GraphqlController#execute as */*
  Parameters: {"query"=>"\n  query IntrospectionQuery {\n    __schema {\n      queryType { name }\n      mutationType { name }\n      types {\n        ...FullType\n      }\n      directives {\n        name\n        description\n        locations\n        args {\n          ...InputValue\n        }\n      }\n    }\n  }\n\n  fragment FullType on __Type {\n    kind\n    name\n    description\n    fields(includeDeprecated: true) {\n      name\n      description\n      args {\n        ...InputValue\n      }\n      type {\n        ...TypeRef\n      }\n      isDeprecated\n      deprecationReason\n    }\n    inputFields {\n      ...InputValue\n    }\n    interfaces {\n      ...TypeRef\n    }\n    enumValues(includeDeprecated: true) {\n      name\n      description\n      isDeprecated\n      deprecationReason\n    }\n    possibleTypes {\n      ...TypeRef\n    }\n  }\n\n  fragment InputValue on __InputValue {\n    name\n    description\n    type { ...TypeRef }\n    defaultValue\n  }\n\n  fragment TypeRef on __Type {\n    kind\n    name\n    ofType {\n      kind\n      name\n      ofType {\n        kind\n        name\n        ofType {\n          kind\n          name\n          ofType {\n            kind\n            name\n            ofType {\n              kind\n              name\n              ofType {\n                kind\n                name\n                ofType {\n                  kind\n                  name\n                }\n              }\n            }\n          }\n        }\n      }\n    }\n  }\n", "graphql"=>{"query"=>"\n  query IntrospectionQuery {\n    __schema {\n      queryType { name }\n      mutationType { name }\n      types {\n        ...FullType\n      }\n      directives {\n        name\n        description\n        locations\n        args {\n          ...InputValue\n        }\n      }\n    }\n  }\n\n  fragment FullType on __Type {\n    kind\n    name\n    description\n    fields(includeDeprecated: true) {\n      name\n      description\n      args {\n        ...InputValue\n      }\n      type {\n        ...TypeRef\n      }\n      isDeprecated\n      deprecationReason\n    }\n    inputFields {\n      ...InputValue\n    }\n    interfaces {\n      ...TypeRef\n    }\n    enumValues(includeDeprecated: true) {\n      name\n      description\n      isDeprecated\n      deprecationReason\n    }\n    possibleTypes {\n      ...TypeRef\n    }\n  }\n\n  fragment InputValue on __InputValue {\n    name\n    description\n    type { ...TypeRef }\n    defaultValue\n  }\n\n  fragment TypeRef on __Type {\n    kind\n    name\n    ofType {\n      kind\n      name\n      ofType {\n        kind\n        name\n        ofType {\n          kind\n          name\n          ofType {\n            kind\n            name\n            ofType {\n              kind\n              name\n              ofType {\n                kind\n                name\n                ofType {\n                  kind\n                  name\n                }\n              }\n            }\n          }\n        }\n      }\n    }\n  }\n"}}
Completed 500 Internal Server Error in 18ms (ActiveRecord: 0.0ms)


  
LoadError (Unable to autoload constant Types::MutationType, expected /home/camilo/Documentos/Unal/9 Semestre/Monitoria /laboratorios/lab2/sa_grades_ms/app/graphql/types/mutation_type.rb to define it):
  
app/graphql/sa_grades_ms_schema.rb:2:in `block in <top (required)>'
app/graphql/sa_grades_ms_schema.rb:1:in `<top (required)>'
app/controllers/graphql_controller.rb:10:in `execute'
Started GET "/graphiql" for 127.0.0.1 at 2018-02-27 23:00:21 -0500
  [1m[35m (0.4ms)[0m  [1m[35mSET NAMES utf8,  @@SESSION.sql_mode = CONCAT(CONCAT(@@sql_mode, ',STRICT_ALL_TABLES'), ',NO_AUTO_VALUE_ON_ZERO'),  @@SESSION.sql_auto_is_null = 0, @@SESSION.wait_timeout = 2147483[0m
  [1m[35m (0.4ms)[0m  [1m[34mSELECT `schema_migrations`.`version` FROM `schema_migrations` ORDER BY `schema_migrations`.`version` ASC[0m
Processing by GraphiQL::Rails::EditorsController#show as HTML
  Parameters: {"graphql_path"=>"/graphql"}
  Rendering /var/lib/gems/2.3.0/gems/graphiql-rails-1.4.9/app/views/graphiql/rails/editors/show.html.erb
  Rendered /var/lib/gems/2.3.0/gems/graphiql-rails-1.4.9/app/views/graphiql/rails/editors/show.html.erb (276.0ms)
Completed 200 OK in 284ms (Views: 282.2ms | ActiveRecord: 0.0ms)


Started POST "/graphql" for 127.0.0.1 at 2018-02-27 23:00:22 -0500
Processing by GraphqlController#execute as */*
  Parameters: {"query"=>"\n  query IntrospectionQuery {\n    __schema {\n      queryType { name }\n      mutationType { name }\n      subscriptionType { name }\n      types {\n        ...FullType\n      }\n      directives {\n        name\n        description\n        locations\n        args {\n          ...InputValue\n        }\n      }\n    }\n  }\n\n  fragment FullType on __Type {\n    kind\n    name\n    description\n    fields(includeDeprecated: true) {\n      name\n      description\n      args {\n        ...InputValue\n      }\n      type {\n        ...TypeRef\n      }\n      isDeprecated\n      deprecationReason\n    }\n    inputFields {\n      ...InputValue\n    }\n    interfaces {\n      ...TypeRef\n    }\n    enumValues(includeDeprecated: true) {\n      name\n      description\n      isDeprecated\n      deprecationReason\n    }\n    possibleTypes {\n      ...TypeRef\n    }\n  }\n\n  fragment InputValue on __InputValue {\n    name\n    description\n    type { ...TypeRef }\n    defaultValue\n  }\n\n  fragment TypeRef on __Type {\n    kind\n    name\n    ofType {\n      kind\n      name\n      ofType {\n        kind\n        name\n        ofType {\n          kind\n          name\n          ofType {\n            kind\n            name\n            ofType {\n              kind\n              name\n              ofType {\n                kind\n                name\n                ofType {\n                  kind\n                  name\n                }\n              }\n            }\n          }\n        }\n      }\n    }\n  }\n", "graphql"=>{"query"=>"\n  query IntrospectionQuery {\n    __schema {\n      queryType { name }\n      mutationType { name }\n      subscriptionType { name }\n      types {\n        ...FullType\n      }\n      directives {\n        name\n        description\n        locations\n        args {\n          ...InputValue\n        }\n      }\n    }\n  }\n\n  fragment FullType on __Type {\n    kind\n    name\n    description\n    fields(includeDeprecated: true) {\n      name\n      description\n      args {\n        ...InputValue\n      }\n      type {\n        ...TypeRef\n      }\n      isDeprecated\n      deprecationReason\n    }\n    inputFields {\n      ...InputValue\n    }\n    interfaces {\n      ...TypeRef\n    }\n    enumValues(includeDeprecated: true) {\n      name\n      description\n      isDeprecated\n      deprecationReason\n    }\n    possibleTypes {\n      ...TypeRef\n    }\n  }\n\n  fragment InputValue on __InputValue {\n    name\n    description\n    type { ...TypeRef }\n    defaultValue\n  }\n\n  fragment TypeRef on __Type {\n    kind\n    name\n    ofType {\n      kind\n      name\n      ofType {\n        kind\n        name\n        ofType {\n          kind\n          name\n          ofType {\n            kind\n            name\n            ofType {\n              kind\n              name\n              ofType {\n                kind\n                name\n                ofType {\n                  kind\n                  name\n                }\n              }\n            }\n          }\n        }\n      }\n    }\n  }\n"}}
Completed 200 OK in 126ms (Views: 22.0ms | ActiveRecord: 0.0ms)


Started GET "/graphiql" for 127.0.0.1 at 2018-02-27 23:00:47 -0500
  [1m[35m (0.5ms)[0m  [1m[35mSET NAMES utf8,  @@SESSION.sql_mode = CONCAT(CONCAT(@@sql_mode, ',STRICT_ALL_TABLES'), ',NO_AUTO_VALUE_ON_ZERO'),  @@SESSION.sql_auto_is_null = 0, @@SESSION.wait_timeout = 2147483[0m
  [1m[35m (0.5ms)[0m  [1m[34mSELECT `schema_migrations`.`version` FROM `schema_migrations` ORDER BY `schema_migrations`.`version` ASC[0m
Processing by GraphiQL::Rails::EditorsController#show as HTML
  Parameters: {"graphql_path"=>"/graphql"}
  Rendering /var/lib/gems/2.3.0/gems/graphiql-rails-1.4.9/app/views/graphiql/rails/editors/show.html.erb
  Rendered /var/lib/gems/2.3.0/gems/graphiql-rails-1.4.9/app/views/graphiql/rails/editors/show.html.erb (592.3ms)
Completed 200 OK in 614ms (Views: 611.7ms | ActiveRecord: 0.0ms)


Started POST "/graphql" for 127.0.0.1 at 2018-02-27 23:00:49 -0500
Processing by GraphqlController#execute as */*
  Parameters: {"query"=>"\n  query IntrospectionQuery {\n    __schema {\n      queryType { name }\n      mutationType { name }\n      subscriptionType { name }\n      types {\n        ...FullType\n      }\n      directives {\n        name\n        description\n        locations\n        args {\n          ...InputValue\n        }\n      }\n    }\n  }\n\n  fragment FullType on __Type {\n    kind\n    name\n    description\n    fields(includeDeprecated: true) {\n      name\n      description\n      args {\n        ...InputValue\n      }\n      type {\n        ...TypeRef\n      }\n      isDeprecated\n      deprecationReason\n    }\n    inputFields {\n      ...InputValue\n    }\n    interfaces {\n      ...TypeRef\n    }\n    enumValues(includeDeprecated: true) {\n      name\n      description\n      isDeprecated\n      deprecationReason\n    }\n    possibleTypes {\n      ...TypeRef\n    }\n  }\n\n  fragment InputValue on __InputValue {\n    name\n    description\n    type { ...TypeRef }\n    defaultValue\n  }\n\n  fragment TypeRef on __Type {\n    kind\n    name\n    ofType {\n      kind\n      name\n      ofType {\n        kind\n        name\n        ofType {\n          kind\n          name\n          ofType {\n            kind\n            name\n            ofType {\n              kind\n              name\n              ofType {\n                kind\n                name\n                ofType {\n                  kind\n                  name\n                }\n              }\n            }\n          }\n        }\n      }\n    }\n  }\n", "graphql"=>{"query"=>"\n  query IntrospectionQuery {\n    __schema {\n      queryType { name }\n      mutationType { name }\n      subscriptionType { name }\n      types {\n        ...FullType\n      }\n      directives {\n        name\n        description\n        locations\n        args {\n          ...InputValue\n        }\n      }\n    }\n  }\n\n  fragment FullType on __Type {\n    kind\n    name\n    description\n    fields(includeDeprecated: true) {\n      name\n      description\n      args {\n        ...InputValue\n      }\n      type {\n        ...TypeRef\n      }\n      isDeprecated\n      deprecationReason\n    }\n    inputFields {\n      ...InputValue\n    }\n    interfaces {\n      ...TypeRef\n    }\n    enumValues(includeDeprecated: true) {\n      name\n      description\n      isDeprecated\n      deprecationReason\n    }\n    possibleTypes {\n      ...TypeRef\n    }\n  }\n\n  fragment InputValue on __InputValue {\n    name\n    description\n    type { ...TypeRef }\n    defaultValue\n  }\n\n  fragment TypeRef on __Type {\n    kind\n    name\n    ofType {\n      kind\n      name\n      ofType {\n        kind\n        name\n        ofType {\n          kind\n          name\n          ofType {\n            kind\n            name\n            ofType {\n              kind\n              name\n              ofType {\n                kind\n                name\n                ofType {\n                  kind\n                  name\n                }\n              }\n            }\n          }\n        }\n      }\n    }\n  }\n"}}
Completed 500 Internal Server Error in 86ms (ActiveRecord: 0.0ms)


  
NameError (uninitialized constant Types::StudentType):
  
app/graphql/resolvers/create_grade.rb:9:in `<class:CreateStudent>'
app/graphql/resolvers/create_grade.rb:1:in `<top (required)>'
app/graphql/types/mutation_type.rb:4:in `block in <top (required)>'
app/graphql/sa_grades_ms_schema.rb:1:in `<top (required)>'
app/controllers/graphql_controller.rb:10:in `execute'
Started POST "/graphql" for 127.0.0.1 at 2018-02-27 23:00:50 -0500
Processing by GraphqlController#execute as */*
  Parameters: {"query"=>"\n  query IntrospectionQuery {\n    __schema {\n      queryType { name }\n      mutationType { name }\n      types {\n        ...FullType\n      }\n      directives {\n        name\n        description\n        locations\n        args {\n          ...InputValue\n        }\n      }\n    }\n  }\n\n  fragment FullType on __Type {\n    kind\n    name\n    description\n    fields(includeDeprecated: true) {\n      name\n      description\n      args {\n        ...InputValue\n      }\n      type {\n        ...TypeRef\n      }\n      isDeprecated\n      deprecationReason\n    }\n    inputFields {\n      ...InputValue\n    }\n    interfaces {\n      ...TypeRef\n    }\n    enumValues(includeDeprecated: true) {\n      name\n      description\n      isDeprecated\n      deprecationReason\n    }\n    possibleTypes {\n      ...TypeRef\n    }\n  }\n\n  fragment InputValue on __InputValue {\n    name\n    description\n    type { ...TypeRef }\n    defaultValue\n  }\n\n  fragment TypeRef on __Type {\n    kind\n    name\n    ofType {\n      kind\n      name\n      ofType {\n        kind\n        name\n        ofType {\n          kind\n          name\n          ofType {\n            kind\n            name\n            ofType {\n              kind\n              name\n              ofType {\n                kind\n                name\n                ofType {\n                  kind\n                  name\n                }\n              }\n            }\n          }\n        }\n      }\n    }\n  }\n", "graphql"=>{"query"=>"\n  query IntrospectionQuery {\n    __schema {\n      queryType { name }\n      mutationType { name }\n      types {\n        ...FullType\n      }\n      directives {\n        name\n        description\n        locations\n        args {\n          ...InputValue\n        }\n      }\n    }\n  }\n\n  fragment FullType on __Type {\n    kind\n    name\n    description\n    fields(includeDeprecated: true) {\n      name\n      description\n      args {\n        ...InputValue\n      }\n      type {\n        ...TypeRef\n      }\n      isDeprecated\n      deprecationReason\n    }\n    inputFields {\n      ...InputValue\n    }\n    interfaces {\n      ...TypeRef\n    }\n    enumValues(includeDeprecated: true) {\n      name\n      description\n      isDeprecated\n      deprecationReason\n    }\n    possibleTypes {\n      ...TypeRef\n    }\n  }\n\n  fragment InputValue on __InputValue {\n    name\n    description\n    type { ...TypeRef }\n    defaultValue\n  }\n\n  fragment TypeRef on __Type {\n    kind\n    name\n    ofType {\n      kind\n      name\n      ofType {\n        kind\n        name\n        ofType {\n          kind\n          name\n          ofType {\n            kind\n            name\n            ofType {\n              kind\n              name\n              ofType {\n                kind\n                name\n                ofType {\n                  kind\n                  name\n                }\n              }\n            }\n          }\n        }\n      }\n    }\n  }\n"}}
Completed 500 Internal Server Error in 1ms (ActiveRecord: 0.0ms)


  
NameError (uninitialized constant Types::StudentType):
  
app/graphql/resolvers/create_grade.rb:9:in `<class:CreateStudent>'
app/graphql/resolvers/create_grade.rb:1:in `<top (required)>'
app/graphql/types/mutation_type.rb:4:in `block in <top (required)>'
app/graphql/sa_grades_ms_schema.rb:1:in `<top (required)>'
app/controllers/graphql_controller.rb:10:in `execute'
Started GET "/graphiql" for 127.0.0.1 at 2018-02-27 23:01:43 -0500
  [1m[35m (3.7ms)[0m  [1m[35mSET NAMES utf8,  @@SESSION.sql_mode = CONCAT(CONCAT(@@sql_mode, ',STRICT_ALL_TABLES'), ',NO_AUTO_VALUE_ON_ZERO'),  @@SESSION.sql_auto_is_null = 0, @@SESSION.wait_timeout = 2147483[0m
  [1m[35m (0.6ms)[0m  [1m[34mSELECT `schema_migrations`.`version` FROM `schema_migrations` ORDER BY `schema_migrations`.`version` ASC[0m
Processing by GraphiQL::Rails::EditorsController#show as HTML
  Parameters: {"graphql_path"=>"/graphql"}
  Rendering /var/lib/gems/2.3.0/gems/graphiql-rails-1.4.9/app/views/graphiql/rails/editors/show.html.erb
  Rendered /var/lib/gems/2.3.0/gems/graphiql-rails-1.4.9/app/views/graphiql/rails/editors/show.html.erb (479.9ms)
Completed 200 OK in 497ms (Views: 492.0ms | ActiveRecord: 0.0ms)


Started POST "/graphql" for 127.0.0.1 at 2018-02-27 23:01:45 -0500
Processing by GraphqlController#execute as */*
  Parameters: {"query"=>"\n  query IntrospectionQuery {\n    __schema {\n      queryType { name }\n      mutationType { name }\n      subscriptionType { name }\n      types {\n        ...FullType\n      }\n      directives {\n        name\n        description\n        locations\n        args {\n          ...InputValue\n        }\n      }\n    }\n  }\n\n  fragment FullType on __Type {\n    kind\n    name\n    description\n    fields(includeDeprecated: true) {\n      name\n      description\n      args {\n        ...InputValue\n      }\n      type {\n        ...TypeRef\n      }\n      isDeprecated\n      deprecationReason\n    }\n    inputFields {\n      ...InputValue\n    }\n    interfaces {\n      ...TypeRef\n    }\n    enumValues(includeDeprecated: true) {\n      name\n      description\n      isDeprecated\n      deprecationReason\n    }\n    possibleTypes {\n      ...TypeRef\n    }\n  }\n\n  fragment InputValue on __InputValue {\n    name\n    description\n    type { ...TypeRef }\n    defaultValue\n  }\n\n  fragment TypeRef on __Type {\n    kind\n    name\n    ofType {\n      kind\n      name\n      ofType {\n        kind\n        name\n        ofType {\n          kind\n          name\n          ofType {\n            kind\n            name\n            ofType {\n              kind\n              name\n              ofType {\n                kind\n                name\n                ofType {\n                  kind\n                  name\n                }\n              }\n            }\n          }\n        }\n      }\n    }\n  }\n", "graphql"=>{"query"=>"\n  query IntrospectionQuery {\n    __schema {\n      queryType { name }\n      mutationType { name }\n      subscriptionType { name }\n      types {\n        ...FullType\n      }\n      directives {\n        name\n        description\n        locations\n        args {\n          ...InputValue\n        }\n      }\n    }\n  }\n\n  fragment FullType on __Type {\n    kind\n    name\n    description\n    fields(includeDeprecated: true) {\n      name\n      description\n      args {\n        ...InputValue\n      }\n      type {\n        ...TypeRef\n      }\n      isDeprecated\n      deprecationReason\n    }\n    inputFields {\n      ...InputValue\n    }\n    interfaces {\n      ...TypeRef\n    }\n    enumValues(includeDeprecated: true) {\n      name\n      description\n      isDeprecated\n      deprecationReason\n    }\n    possibleTypes {\n      ...TypeRef\n    }\n  }\n\n  fragment InputValue on __InputValue {\n    name\n    description\n    type { ...TypeRef }\n    defaultValue\n  }\n\n  fragment TypeRef on __Type {\n    kind\n    name\n    ofType {\n      kind\n      name\n      ofType {\n        kind\n        name\n        ofType {\n          kind\n          name\n          ofType {\n            kind\n            name\n            ofType {\n              kind\n              name\n              ofType {\n                kind\n                name\n                ofType {\n                  kind\n                  name\n                }\n              }\n            }\n          }\n        }\n      }\n    }\n  }\n"}}
Completed 200 OK in 115ms (Views: 10.8ms | ActiveRecord: 0.0ms)


Started POST "/graphql" for 127.0.0.1 at 2018-02-27 23:02:04 -0500
Processing by GraphqlController#execute as */*
  Parameters: {"query"=>"{\n  allGrades{\n    \n    id\n  }\n  \n  \n}", "variables"=>nil, "operationName"=>nil, "graphql"=>{"query"=>"{\n  allGrades{\n    \n    id\n  }\n  \n  \n}", "variables"=>nil, "operationName"=>nil}}
  [1m[35m (7.7ms)[0m  [1m[35mSET NAMES utf8,  @@SESSION.sql_mode = CONCAT(CONCAT(@@sql_mode, ',STRICT_ALL_TABLES'), ',NO_AUTO_VALUE_ON_ZERO'),  @@SESSION.sql_auto_is_null = 0, @@SESSION.wait_timeout = 2147483[0m
  [1m[36mGrade Load (4.4ms)[0m  [1m[34mSELECT `grades`.* FROM `grades`[0m
Completed 200 OK in 77ms (Views: 0.3ms | ActiveRecord: 14.4ms)


Started POST "/graphql" for 127.0.0.1 at 2018-02-27 23:02:46 -0500
Processing by GraphqlController#execute as */*
  Parameters: {"query"=>"mutation{\n  createGrade(\n    student_id: 1,\n    course_id: 1,\n    grade_value: 5,\n  ) {\n    id\n  }\n  \n}", "variables"=>nil, "graphql"=>{"query"=>"mutation{\n  createGrade(\n    student_id: 1,\n    course_id: 1,\n    grade_value: 5,\n  ) {\n    id\n  }\n  \n}", "variables"=>nil}}
  [1m[35m (3.0ms)[0m  [1m[35mBEGIN[0m
  [1m[35mSQL (0.5ms)[0m  [1m[32mINSERT INTO `grades` (`student_id`, `course_id`, `grade_value`, `created_at`, `updated_at`) VALUES (1, 1, 5.0, '2018-02-28 04:02:46', '2018-02-28 04:02:46')[0m
  [1m[35m (53.3ms)[0m  [1m[35mCOMMIT[0m
Completed 200 OK in 256ms (Views: 0.5ms | ActiveRecord: 60.2ms)


Started POST "/graphql" for 127.0.0.1 at 2018-02-27 23:02:48 -0500
Processing by GraphqlController#execute as */*
  Parameters: {"query"=>"mutation{\n  createGrade(\n    student_id: 1,\n    course_id: 1,\n    grade_value: 5,\n  ) {\n    id\n  }\n  \n}", "variables"=>nil, "graphql"=>{"query"=>"mutation{\n  createGrade(\n    student_id: 1,\n    course_id: 1,\n    grade_value: 5,\n  ) {\n    id\n  }\n  \n}", "variables"=>nil}}
  [1m[35m (6.1ms)[0m  [1m[35mBEGIN[0m
  [1m[35mSQL (4.0ms)[0m  [1m[32mINSERT INTO `grades` (`student_id`, `course_id`, `grade_value`, `created_at`, `updated_at`) VALUES (1, 1, 5.0, '2018-02-28 04:02:48', '2018-02-28 04:02:48')[0m
  [1m[35m (93.8ms)[0m  [1m[35mCOMMIT[0m
Completed 200 OK in 119ms (Views: 0.3ms | ActiveRecord: 103.9ms)


Started POST "/graphql" for 127.0.0.1 at 2018-02-27 23:02:49 -0500
Processing by GraphqlController#execute as */*
  Parameters: {"query"=>"mutation{\n  createGrade(\n    student_id: 1,\n    course_id: 1,\n    grade_value: 5,\n  ) {\n    id\n  }\n  \n}", "variables"=>nil, "graphql"=>{"query"=>"mutation{\n  createGrade(\n    student_id: 1,\n    course_id: 1,\n    grade_value: 5,\n  ) {\n    id\n  }\n  \n}", "variables"=>nil}}
  [1m[35m (0.2ms)[0m  [1m[35mBEGIN[0m
  [1m[35mSQL (0.4ms)[0m  [1m[32mINSERT INTO `grades` (`student_id`, `course_id`, `grade_value`, `created_at`, `updated_at`) VALUES (1, 1, 5.0, '2018-02-28 04:02:49', '2018-02-28 04:02:49')[0m
  [1m[35m (110.2ms)[0m  [1m[35mCOMMIT[0m
Completed 200 OK in 121ms (Views: 0.3ms | ActiveRecord: 110.8ms)


Started POST "/graphql" for 127.0.0.1 at 2018-02-27 23:02:50 -0500
Processing by GraphqlController#execute as */*
  Parameters: {"query"=>"mutation{\n  createGrade(\n    student_id: 1,\n    course_id: 1,\n    grade_value: 5,\n  ) {\n    id\n  }\n  \n}", "variables"=>nil, "graphql"=>{"query"=>"mutation{\n  createGrade(\n    student_id: 1,\n    course_id: 1,\n    grade_value: 5,\n  ) {\n    id\n  }\n  \n}", "variables"=>nil}}
  [1m[35m (0.2ms)[0m  [1m[35mBEGIN[0m
  [1m[35mSQL (0.5ms)[0m  [1m[32mINSERT INTO `grades` (`student_id`, `course_id`, `grade_value`, `created_at`, `updated_at`) VALUES (1, 1, 5.0, '2018-02-28 04:02:50', '2018-02-28 04:02:50')[0m
  [1m[35m (46.7ms)[0m  [1m[35mCOMMIT[0m
Completed 200 OK in 65ms (Views: 0.3ms | ActiveRecord: 47.5ms)


Started POST "/graphql" for 127.0.0.1 at 2018-02-27 23:03:03 -0500
Processing by GraphqlController#execute as */*
  Parameters: {"query"=>"{\n\tallGrades{\n    \n    id\n  }\n\n\n}", "variables"=>nil, "operationName"=>nil, "graphql"=>{"query"=>"{\n\tallGrades{\n    \n    id\n  }\n\n\n}", "variables"=>nil, "operationName"=>nil}}
  [1m[36mGrade Load (0.5ms)[0m  [1m[34mSELECT `grades`.* FROM `grades`[0m
Completed 200 OK in 19ms (Views: 2.8ms | ActiveRecord: 0.5ms)


Started POST "/graphql" for 127.0.0.1 at 2018-02-27 23:03:09 -0500
Processing by GraphqlController#execute as */*
  Parameters: {"query"=>"{\n\tallGrades{\n    \n    id\n    student_id\n  }\n\n\n}", "variables"=>nil, "operationName"=>nil, "graphql"=>{"query"=>"{\n\tallGrades{\n    \n    id\n    student_id\n  }\n\n\n}", "variables"=>nil, "operationName"=>nil}}
  [1m[36mGrade Load (0.5ms)[0m  [1m[34mSELECT `grades`.* FROM `grades`[0m
Completed 200 OK in 8ms (Views: 0.5ms | ActiveRecord: 0.5ms)


Started POST "/graphql" for 127.0.0.1 at 2018-02-27 23:03:15 -0500
Processing by GraphqlController#execute as */*
  Parameters: {"query"=>"{\n\tallGrades{\n    \n    id\n    student_id\n    course_id\n  }\n\n\n}", "variables"=>nil, "operationName"=>nil, "graphql"=>{"query"=>"{\n\tallGrades{\n    \n    id\n    student_id\n    course_id\n  }\n\n\n}", "variables"=>nil, "operationName"=>nil}}
  [1m[36mGrade Load (0.4ms)[0m  [1m[34mSELECT `grades`.* FROM `grades`[0m
Completed 200 OK in 13ms (Views: 5.8ms | ActiveRecord: 0.4ms)


Started POST "/graphql" for 127.0.0.1 at 2018-02-27 23:03:21 -0500
Processing by GraphqlController#execute as */*
  Parameters: {"query"=>"{\n\tallGrades{\n    \n    id\n    student_id\n    course_id\n    grade_value\n  }\n\n\n}", "variables"=>nil, "operationName"=>nil, "graphql"=>{"query"=>"{\n\tallGrades{\n    \n    id\n    student_id\n    course_id\n    grade_value\n  }\n\n\n}", "variables"=>nil, "operationName"=>nil}}
  [1m[36mGrade Load (0.5ms)[0m  [1m[34mSELECT `grades`.* FROM `grades`[0m
Completed 200 OK in 16ms (Views: 4.1ms | ActiveRecord: 0.5ms)


